<?xml version="1.0" encoding="UTF-8"?>
<testng-results ignored="2" total="30" passed="25" failed="3" skipped="0">
  <reporter-output>
  </reporter-output>
  <suite started-at="2023-05-05T10:58:16 IST" name="Default suite" finished-at="2023-05-05T11:01:15 IST" duration-ms="179025">
    <groups>
    </groups>
    <test started-at="2023-05-05T10:58:16 IST" name="Default test" finished-at="2023-05-05T11:01:15 IST" duration-ms="179025">
      <class name="Testmethod.Pharme_ui">
        <test-method is-config="true" signature="Launch()[pri:0, instance:Testmethod.Pharme_ui@470734c3]" started-at="2023-05-05T10:58:05 IST" name="Launch" finished-at="2023-05-05T10:58:16 IST" duration-ms="10617" status="PASS">
          <reporter-output>
          </reporter-output>
        </test-method> <!-- Launch -->
        <test-method signature="Medicine()[pri:2, instance:Testmethod.Pharme_ui@470734c3]" started-at="2023-05-05T10:58:16 IST" name="Medicine" finished-at="2023-05-05T10:58:20 IST" duration-ms="4038" status="PASS">
          <reporter-output>
          </reporter-output>
        </test-method> <!-- Medicine -->
        <test-method signature="Health_care()[pri:3, instance:Testmethod.Pharme_ui@470734c3]" started-at="2023-05-05T10:58:20 IST" name="Health_care" finished-at="2023-05-05T10:58:23 IST" duration-ms="2874" status="PASS">
          <reporter-output>
          </reporter-output>
        </test-method> <!-- Health_care -->
        <test-method signature="LabTests()[pri:4, instance:Testmethod.Pharme_ui@470734c3]" started-at="2023-05-05T10:58:23 IST" name="LabTests" finished-at="2023-05-05T10:58:25 IST" duration-ms="2144" status="PASS">
          <reporter-output>
          </reporter-output>
        </test-method> <!-- LabTests -->
        <test-method signature="Offers()[pri:5, instance:Testmethod.Pharme_ui@470734c3]" started-at="2023-05-05T10:58:25 IST" name="Offers" finished-at="2023-05-05T10:58:29 IST" duration-ms="4080" status="PASS">
          <reporter-output>
          </reporter-output>
        </test-method> <!-- Offers -->
        <test-method signature="Plus()[pri:6, instance:Testmethod.Pharme_ui@470734c3]" started-at="2023-05-05T10:58:29 IST" name="Plus" finished-at="2023-05-05T10:58:37 IST" duration-ms="7762" status="PASS">
          <reporter-output>
          </reporter-output>
        </test-method> <!-- Plus -->
        <test-method signature="Health_blog()[pri:7, instance:Testmethod.Pharme_ui@470734c3]" started-at="2023-05-05T10:58:37 IST" name="Health_blog" finished-at="2023-05-05T10:58:42 IST" duration-ms="5118" status="FAIL">
          <exception class="java.lang.AssertionError">
            <message>
              <![CDATA[expected [https://pharmeasy.in/blog/] but found [https://pharmeasy.in/blog/?src=homecard]]]>
            </message>
            <full-stacktrace>
              <![CDATA[java.lang.AssertionError: expected [https://pharmeasy.in/blog/] but found [https://pharmeasy.in/blog/?src=homecard]
at org.testng.Assert.fail(Assert.java:110)
at org.testng.Assert.failNotEquals(Assert.java:1577)
at org.testng.Assert.assertEqualsImpl(Assert.java:149)
at org.testng.Assert.assertEquals(Assert.java:131)
at org.testng.Assert.assertEquals(Assert.java:655)
at org.testng.Assert.assertEquals(Assert.java:665)
at Testmethod.Pharme_ui.Health_blog(Pharme_ui.java:94)
at java.base/jdk.internal.reflect.NativeMethodAccessorImpl.invoke0(Native Method)
at java.base/jdk.internal.reflect.NativeMethodAccessorImpl.invoke(NativeMethodAccessorImpl.java:77)
at java.base/jdk.internal.reflect.DelegatingMethodAccessorImpl.invoke(DelegatingMethodAccessorImpl.java:43)
at java.base/java.lang.reflect.Method.invoke(Method.java:568)
at org.testng.internal.invokers.MethodInvocationHelper.invokeMethod(MethodInvocationHelper.java:139)
at org.testng.internal.invokers.TestInvoker.invokeMethod(TestInvoker.java:677)
at org.testng.internal.invokers.TestInvoker.invokeTestMethod(TestInvoker.java:221)
at org.testng.internal.invokers.MethodRunner.runInSequence(MethodRunner.java:50)
at org.testng.internal.invokers.TestInvoker$MethodInvocationAgent.invoke(TestInvoker.java:969)
at org.testng.internal.invokers.TestInvoker.invokeTestMethods(TestInvoker.java:194)
at org.testng.internal.invokers.TestMethodWorker.invokeTestMethods(TestMethodWorker.java:148)
at org.testng.internal.invokers.TestMethodWorker.run(TestMethodWorker.java:128)
at java.base/java.util.ArrayList.forEach(ArrayList.java:1511)
at org.testng.TestRunner.privateRun(TestRunner.java:829)
at org.testng.TestRunner.run(TestRunner.java:602)
at org.testng.SuiteRunner.runTest(SuiteRunner.java:437)
at org.testng.SuiteRunner.runSequentially(SuiteRunner.java:431)
at org.testng.SuiteRunner.privateRun(SuiteRunner.java:391)
at org.testng.SuiteRunner.run(SuiteRunner.java:330)
at org.testng.SuiteRunnerWorker.runSuite(SuiteRunnerWorker.java:52)
at org.testng.SuiteRunnerWorker.run(SuiteRunnerWorker.java:95)
at org.testng.TestNG.runSuitesSequentially(TestNG.java:1256)
at org.testng.TestNG.runSuitesLocally(TestNG.java:1176)
at org.testng.TestNG.runSuites(TestNG.java:1099)
at org.testng.TestNG.run(TestNG.java:1067)
at org.testng.remote.AbstractRemoteTestNG.run(AbstractRemoteTestNG.java:115)
at org.testng.remote.RemoteTestNG.initAndRun(RemoteTestNG.java:251)
at org.testng.remote.RemoteTestNG.main(RemoteTestNG.java:77)
]]>
            </full-stacktrace>
          </exception> <!-- java.lang.AssertionError -->
          <reporter-output>
          </reporter-output>
        </test-method> <!-- Health_blog -->
        <test-method signature="Search_medicine()[pri:8, instance:Testmethod.Pharme_ui@470734c3]" started-at="2023-05-05T10:58:42 IST" name="Search_medicine" finished-at="2023-05-05T10:58:56 IST" duration-ms="13927" status="PASS">
          <reporter-output>
          </reporter-output>
        </test-method> <!-- Search_medicine -->
        <test-method signature="Benadryl_search()[pri:9, instance:Testmethod.Pharme_ui@470734c3]" started-at="2023-05-05T10:58:56 IST" name="Benadryl_search" finished-at="2023-05-05T10:59:00 IST" duration-ms="3694" status="PASS">
          <reporter-output>
          </reporter-output>
        </test-method> <!-- Benadryl_search -->
        <test-method signature="Add_cart()[pri:10, instance:Testmethod.Pharme_ui@470734c3]" started-at="2023-05-05T10:59:00 IST" name="Add_cart" finished-at="2023-05-05T10:59:02 IST" duration-ms="2147" status="PASS">
          <reporter-output>
          </reporter-output>
        </test-method> <!-- Add_cart -->
        <test-method signature="Quantity()[pri:11, instance:Testmethod.Pharme_ui@470734c3]" started-at="2023-05-05T10:59:02 IST" name="Quantity" finished-at="2023-05-05T10:59:04 IST" duration-ms="2153" status="PASS">
          <reporter-output>
          </reporter-output>
        </test-method> <!-- Quantity -->
        <test-method signature="Cofsils()[pri:12, instance:Testmethod.Pharme_ui@470734c3]" started-at="2023-05-05T10:59:04 IST" name="Cofsils" finished-at="2023-05-05T10:59:09 IST" duration-ms="4738" status="PASS">
          <reporter-output>
          </reporter-output>
        </test-method> <!-- Cofsils -->
        <test-method signature="Flavour()[pri:13, instance:Testmethod.Pharme_ui@470734c3]" started-at="2023-05-05T10:59:09 IST" name="Flavour" finished-at="2023-05-05T10:59:11 IST" duration-ms="2106" status="PASS">
          <reporter-output>
          </reporter-output>
        </test-method> <!-- Flavour -->
        <test-method signature="Add_cartCofsils()[pri:14, instance:Testmethod.Pharme_ui@470734c3]" started-at="2023-05-05T10:59:11 IST" name="Add_cartCofsils" finished-at="2023-05-05T10:59:13 IST" duration-ms="2156" status="PASS">
          <reporter-output>
          </reporter-output>
        </test-method> <!-- Add_cartCofsils -->
        <test-method signature="Quantity_Cofsils()[pri:15, instance:Testmethod.Pharme_ui@470734c3]" started-at="2023-05-05T10:59:13 IST" name="Quantity_Cofsils" finished-at="2023-05-05T10:59:15 IST" duration-ms="2135" status="PASS">
          <reporter-output>
          </reporter-output>
        </test-method> <!-- Quantity_Cofsils -->
        <test-method signature="Home_page()[pri:16, instance:Testmethod.Pharme_ui@470734c3]" started-at="2023-05-05T10:59:15 IST" name="Home_page" finished-at="2023-05-05T10:59:19 IST" duration-ms="4148" status="PASS">
          <reporter-output>
          </reporter-output>
        </test-method> <!-- Home_page -->
        <test-method signature="Main_banner1()[pri:17, instance:Testmethod.Pharme_ui@470734c3]" started-at="2023-05-05T10:59:19 IST" name="Main_banner1" finished-at="2023-05-05T10:59:35 IST" duration-ms="16261" status="PASS">
          <reporter-output>
          </reporter-output>
        </test-method> <!-- Main_banner1 -->
        <test-method signature="Full_Bodycheckups()[pri:19, instance:Testmethod.Pharme_ui@470734c3]" started-at="2023-05-05T10:59:35 IST" name="Full_Bodycheckups" finished-at="2023-05-05T10:59:43 IST" duration-ms="7408" status="PASS">
          <reporter-output>
          </reporter-output>
        </test-method> <!-- Full_Bodycheckups -->
        <test-method signature="Vitamins()[pri:20, instance:Testmethod.Pharme_ui@470734c3]" started-at="2023-05-05T10:59:43 IST" name="Vitamins" finished-at="2023-05-05T10:59:46 IST" duration-ms="3068" status="PASS">
          <reporter-output>
          </reporter-output>
        </test-method> <!-- Vitamins -->
        <test-method signature="Diabetes()[pri:21, instance:Testmethod.Pharme_ui@470734c3]" started-at="2023-05-05T10:59:46 IST" name="Diabetes" finished-at="2023-05-05T10:59:51 IST" duration-ms="4942" status="PASS">
          <reporter-output>
          </reporter-output>
        </test-method> <!-- Diabetes -->
        <test-method signature="Thyroid()[pri:22, instance:Testmethod.Pharme_ui@470734c3]" started-at="2023-05-05T10:59:51 IST" name="Thyroid" finished-at="2023-05-05T10:59:55 IST" duration-ms="3744" status="PASS">
          <reporter-output>
          </reporter-output>
        </test-method> <!-- Thyroid -->
        <test-method signature="Women_care()[pri:23, instance:Testmethod.Pharme_ui@470734c3]" started-at="2023-05-05T10:59:55 IST" name="Women_care" finished-at="2023-05-05T10:59:58 IST" duration-ms="3865" status="PASS">
          <reporter-output>
          </reporter-output>
        </test-method> <!-- Women_care -->
        <test-method signature="Covid_care()[pri:24, instance:Testmethod.Pharme_ui@470734c3]" started-at="2023-05-05T10:59:58 IST" name="Covid_care" finished-at="2023-05-05T11:00:01 IST" duration-ms="3039" status="PASS">
          <reporter-output>
          </reporter-output>
        </test-method> <!-- Covid_care -->
        <test-method signature="Fever_infection()[pri:25, instance:Testmethod.Pharme_ui@470734c3]" started-at="2023-05-05T11:00:01 IST" name="Fever_infection" finished-at="2023-05-05T11:00:05 IST" duration-ms="3118" status="PASS">
          <reporter-output>
          </reporter-output>
        </test-method> <!-- Fever_infection -->
        <test-method signature="Scroll()[pri:26, instance:Testmethod.Pharme_ui@470734c3]" started-at="2023-05-05T11:00:05 IST" name="Scroll" finished-at="2023-05-05T11:00:35 IST" duration-ms="30064" status="FAIL">
          <exception class="org.openqa.selenium.NoSuchElementException">
            <message>
              <![CDATA[no such element: Unable to locate element: {"method":"xpath","selector":"//div[@class='c-PJLV c-bXbWpx c-bXbWpx-joLzpF-justify-center c-bXbWpx-joJbDg-align-center c-bXbWpx-ikZFsNO-css']"}
  (Session info: chrome=112.0.5615.138)
For documentation on this error, please visit: https://selenium.dev/exceptions/#no_such_element
Build info: version: '4.8.2', revision: '826dbfc730'
System info: os.name: 'Windows 10', os.arch: 'amd64', os.version: '10.0', java.version: '17.0.5'
Driver info: org.openqa.selenium.chrome.ChromeDriver
Command: [cdac414aa52aa9392378b111c6ff7153, findElement {using=xpath, value=//div[@class='c-PJLV c-bXbWpx c-bXbWpx-joLzpF-justify-center c-bXbWpx-joJbDg-align-center c-bXbWpx-ikZFsNO-css']}]
Capabilities {acceptInsecureCerts: false, browserName: chrome, browserVersion: 112.0.5615.138, chrome: {chromedriverVersion: 112.0.5615.49 (bd2a7bcb881c..., userDataDir: C:\Users\ISRIVA~1\AppData\L...}, goog:chromeOptions: {debuggerAddress: localhost:49983}, networkConnectionEnabled: false, pageLoadStrategy: normal, platformName: WINDOWS, proxy: Proxy(), se:cdp: ws://localhost:49983/devtoo..., se:cdpVersion: 112.0.5615.138, setWindowRect: true, strictFileInteractability: false, timeouts: {implicit: 0, pageLoad: 300000, script: 30000}, unhandledPromptBehavior: dismiss and notify, webauthn:extension:credBlob: true, webauthn:extension:largeBlob: true, webauthn:extension:minPinLength: true, webauthn:extension:prf: true, webauthn:virtualAuthenticators: true}
Session ID: cdac414aa52aa9392378b111c6ff7153]]>
            </message>
            <full-stacktrace>
              <![CDATA[org.openqa.selenium.NoSuchElementException: no such element: Unable to locate element: {"method":"xpath","selector":"//div[@class='c-PJLV c-bXbWpx c-bXbWpx-joLzpF-justify-center c-bXbWpx-joJbDg-align-center c-bXbWpx-ikZFsNO-css']"}
  (Session info: chrome=112.0.5615.138)
For documentation on this error, please visit: https://selenium.dev/exceptions/#no_such_element
Build info: version: '4.8.2', revision: '826dbfc730'
System info: os.name: 'Windows 10', os.arch: 'amd64', os.version: '10.0', java.version: '17.0.5'
Driver info: org.openqa.selenium.chrome.ChromeDriver
Command: [cdac414aa52aa9392378b111c6ff7153, findElement {using=xpath, value=//div[@class='c-PJLV c-bXbWpx c-bXbWpx-joLzpF-justify-center c-bXbWpx-joJbDg-align-center c-bXbWpx-ikZFsNO-css']}]
Capabilities {acceptInsecureCerts: false, browserName: chrome, browserVersion: 112.0.5615.138, chrome: {chromedriverVersion: 112.0.5615.49 (bd2a7bcb881c..., userDataDir: C:\Users\ISRIVA~1\AppData\L...}, goog:chromeOptions: {debuggerAddress: localhost:49983}, networkConnectionEnabled: false, pageLoadStrategy: normal, platformName: WINDOWS, proxy: Proxy(), se:cdp: ws://localhost:49983/devtoo..., se:cdpVersion: 112.0.5615.138, setWindowRect: true, strictFileInteractability: false, timeouts: {implicit: 0, pageLoad: 300000, script: 30000}, unhandledPromptBehavior: dismiss and notify, webauthn:extension:credBlob: true, webauthn:extension:largeBlob: true, webauthn:extension:minPinLength: true, webauthn:extension:prf: true, webauthn:virtualAuthenticators: true}
Session ID: cdac414aa52aa9392378b111c6ff7153
at java.base/jdk.internal.reflect.NativeConstructorAccessorImpl.newInstance0(Native Method)
at java.base/jdk.internal.reflect.NativeConstructorAccessorImpl.newInstance(NativeConstructorAccessorImpl.java:77)
at java.base/jdk.internal.reflect.DelegatingConstructorAccessorImpl.newInstance(DelegatingConstructorAccessorImpl.java:45)
at java.base/java.lang.reflect.Constructor.newInstanceWithCaller(Constructor.java:499)
at java.base/java.lang.reflect.Constructor.newInstance(Constructor.java:480)
at org.openqa.selenium.remote.codec.w3c.W3CHttpResponseCodec.createException(W3CHttpResponseCodec.java:200)
at org.openqa.selenium.remote.codec.w3c.W3CHttpResponseCodec.decode(W3CHttpResponseCodec.java:133)
at org.openqa.selenium.remote.codec.w3c.W3CHttpResponseCodec.decode(W3CHttpResponseCodec.java:53)
at org.openqa.selenium.remote.HttpCommandExecutor.execute(HttpCommandExecutor.java:193)
at org.openqa.selenium.remote.service.DriverCommandExecutor.invokeExecute(DriverCommandExecutor.java:183)
at org.openqa.selenium.remote.service.DriverCommandExecutor.execute(DriverCommandExecutor.java:158)
at org.openqa.selenium.remote.RemoteWebDriver.execute(RemoteWebDriver.java:543)
at org.openqa.selenium.remote.ElementLocation$ElementFinder$2.findElement(ElementLocation.java:162)
at org.openqa.selenium.remote.ElementLocation.findElement(ElementLocation.java:60)
at org.openqa.selenium.remote.RemoteWebDriver.findElement(RemoteWebDriver.java:352)
at org.openqa.selenium.remote.RemoteWebDriver.findElement(RemoteWebDriver.java:344)
at org.openqa.selenium.support.pagefactory.DefaultElementLocator.findElement(DefaultElementLocator.java:70)
at org.openqa.selenium.support.pagefactory.internal.LocatingElementHandler.invoke(LocatingElementHandler.java:39)
at jdk.proxy2/jdk.proxy2.$Proxy16.click(Unknown Source)
at Testmethod.Pharme_ui.Scroll(Pharme_ui.java:290)
at java.base/jdk.internal.reflect.NativeMethodAccessorImpl.invoke0(Native Method)
at java.base/jdk.internal.reflect.NativeMethodAccessorImpl.invoke(NativeMethodAccessorImpl.java:77)
at java.base/jdk.internal.reflect.DelegatingMethodAccessorImpl.invoke(DelegatingMethodAccessorImpl.java:43)
at java.base/java.lang.reflect.Method.invoke(Method.java:568)
at org.testng.internal.invokers.MethodInvocationHelper.invokeMethod(MethodInvocationHelper.java:139)
at org.testng.internal.invokers.TestInvoker.invokeMethod(TestInvoker.java:677)
at org.testng.internal.invokers.TestInvoker.invokeTestMethod(TestInvoker.java:221)
at org.testng.internal.invokers.MethodRunner.runInSequence(MethodRunner.java:50)
at org.testng.internal.invokers.TestInvoker$MethodInvocationAgent.invoke(TestInvoker.java:969)
at org.testng.internal.invokers.TestInvoker.invokeTestMethods(TestInvoker.java:194)
at org.testng.internal.invokers.TestMethodWorker.invokeTestMethods(TestMethodWorker.java:148)
at org.testng.internal.invokers.TestMethodWorker.run(TestMethodWorker.java:128)
at java.base/java.util.ArrayList.forEach(ArrayList.java:1511)
at org.testng.TestRunner.privateRun(TestRunner.java:829)
at org.testng.TestRunner.run(TestRunner.java:602)
at org.testng.SuiteRunner.runTest(SuiteRunner.java:437)
at org.testng.SuiteRunner.runSequentially(SuiteRunner.java:431)
at org.testng.SuiteRunner.privateRun(SuiteRunner.java:391)
at org.testng.SuiteRunner.run(SuiteRunner.java:330)
at org.testng.SuiteRunnerWorker.runSuite(SuiteRunnerWorker.java:52)
at org.testng.SuiteRunnerWorker.run(SuiteRunnerWorker.java:95)
at org.testng.TestNG.runSuitesSequentially(TestNG.java:1256)
at org.testng.TestNG.runSuitesLocally(TestNG.java:1176)
at org.testng.TestNG.runSuites(TestNG.java:1099)
at org.testng.TestNG.run(TestNG.java:1067)
at org.testng.remote.AbstractRemoteTestNG.run(AbstractRemoteTestNG.java:115)
at org.testng.remote.RemoteTestNG.initAndRun(RemoteTestNG.java:251)
at org.testng.remote.RemoteTestNG.main(RemoteTestNG.java:77)
]]>
            </full-stacktrace>
          </exception> <!-- org.openqa.selenium.NoSuchElementException -->
          <reporter-output>
          </reporter-output>
        </test-method> <!-- Scroll -->
        <test-method signature="Offer_justforyou()[pri:27, instance:Testmethod.Pharme_ui@470734c3]" started-at="2023-05-05T11:00:35 IST" name="Offer_justforyou" finished-at="2023-05-05T11:00:38 IST" duration-ms="3359" status="PASS">
          <reporter-output>
          </reporter-output>
        </test-method> <!-- Offer_justforyou -->
        <test-method signature="Copy_Code()[pri:28, instance:Testmethod.Pharme_ui@470734c3]" started-at="2023-05-05T11:00:38 IST" name="Copy_Code" finished-at="2023-05-05T11:00:39 IST" duration-ms="1180" status="PASS">
          <reporter-output>
          </reporter-output>
        </test-method> <!-- Copy_Code -->
        <test-method signature="ReHome_page()[pri:29, instance:Testmethod.Pharme_ui@470734c3]" started-at="2023-05-05T11:00:39 IST" name="ReHome_page" finished-at="2023-05-05T11:00:45 IST" duration-ms="5663" status="PASS">
          <reporter-output>
          </reporter-output>
        </test-method> <!-- ReHome_page -->
        <test-method signature="Payement()[pri:30, instance:Testmethod.Pharme_ui@470734c3]" started-at="2023-05-05T11:00:45 IST" name="Payement" finished-at="2023-05-05T11:01:15 IST" duration-ms="30021" status="FAIL">
          <exception class="org.openqa.selenium.NoSuchElementException">
            <message>
              <![CDATA[no such element: Unable to locate element: {"method":"xpath","selector":"//div[2][@class='c-PJLV c-bXbWpx c-bXbWpx-joLzpF-justify-center c-bXbWpx-joJbDg-align-center c-bXbWpx-icuuuRQ-css']"}
  (Session info: chrome=112.0.5615.138)
For documentation on this error, please visit: https://selenium.dev/exceptions/#no_such_element
Build info: version: '4.8.2', revision: '826dbfc730'
System info: os.name: 'Windows 10', os.arch: 'amd64', os.version: '10.0', java.version: '17.0.5'
Driver info: org.openqa.selenium.chrome.ChromeDriver
Command: [cdac414aa52aa9392378b111c6ff7153, findElement {using=xpath, value=//div[2][@class='c-PJLV c-bXbWpx c-bXbWpx-joLzpF-justify-center c-bXbWpx-joJbDg-align-center c-bXbWpx-icuuuRQ-css']}]
Capabilities {acceptInsecureCerts: false, browserName: chrome, browserVersion: 112.0.5615.138, chrome: {chromedriverVersion: 112.0.5615.49 (bd2a7bcb881c..., userDataDir: C:\Users\ISRIVA~1\AppData\L...}, goog:chromeOptions: {debuggerAddress: localhost:49983}, networkConnectionEnabled: false, pageLoadStrategy: normal, platformName: WINDOWS, proxy: Proxy(), se:cdp: ws://localhost:49983/devtoo..., se:cdpVersion: 112.0.5615.138, setWindowRect: true, strictFileInteractability: false, timeouts: {implicit: 0, pageLoad: 300000, script: 30000}, unhandledPromptBehavior: dismiss and notify, webauthn:extension:credBlob: true, webauthn:extension:largeBlob: true, webauthn:extension:minPinLength: true, webauthn:extension:prf: true, webauthn:virtualAuthenticators: true}
Session ID: cdac414aa52aa9392378b111c6ff7153]]>
            </message>
            <full-stacktrace>
              <![CDATA[org.openqa.selenium.NoSuchElementException: no such element: Unable to locate element: {"method":"xpath","selector":"//div[2][@class='c-PJLV c-bXbWpx c-bXbWpx-joLzpF-justify-center c-bXbWpx-joJbDg-align-center c-bXbWpx-icuuuRQ-css']"}
  (Session info: chrome=112.0.5615.138)
For documentation on this error, please visit: https://selenium.dev/exceptions/#no_such_element
Build info: version: '4.8.2', revision: '826dbfc730'
System info: os.name: 'Windows 10', os.arch: 'amd64', os.version: '10.0', java.version: '17.0.5'
Driver info: org.openqa.selenium.chrome.ChromeDriver
Command: [cdac414aa52aa9392378b111c6ff7153, findElement {using=xpath, value=//div[2][@class='c-PJLV c-bXbWpx c-bXbWpx-joLzpF-justify-center c-bXbWpx-joJbDg-align-center c-bXbWpx-icuuuRQ-css']}]
Capabilities {acceptInsecureCerts: false, browserName: chrome, browserVersion: 112.0.5615.138, chrome: {chromedriverVersion: 112.0.5615.49 (bd2a7bcb881c..., userDataDir: C:\Users\ISRIVA~1\AppData\L...}, goog:chromeOptions: {debuggerAddress: localhost:49983}, networkConnectionEnabled: false, pageLoadStrategy: normal, platformName: WINDOWS, proxy: Proxy(), se:cdp: ws://localhost:49983/devtoo..., se:cdpVersion: 112.0.5615.138, setWindowRect: true, strictFileInteractability: false, timeouts: {implicit: 0, pageLoad: 300000, script: 30000}, unhandledPromptBehavior: dismiss and notify, webauthn:extension:credBlob: true, webauthn:extension:largeBlob: true, webauthn:extension:minPinLength: true, webauthn:extension:prf: true, webauthn:virtualAuthenticators: true}
Session ID: cdac414aa52aa9392378b111c6ff7153
at java.base/jdk.internal.reflect.NativeConstructorAccessorImpl.newInstance0(Native Method)
at java.base/jdk.internal.reflect.NativeConstructorAccessorImpl.newInstance(NativeConstructorAccessorImpl.java:77)
at java.base/jdk.internal.reflect.DelegatingConstructorAccessorImpl.newInstance(DelegatingConstructorAccessorImpl.java:45)
at java.base/java.lang.reflect.Constructor.newInstanceWithCaller(Constructor.java:499)
at java.base/java.lang.reflect.Constructor.newInstance(Constructor.java:480)
at org.openqa.selenium.remote.codec.w3c.W3CHttpResponseCodec.createException(W3CHttpResponseCodec.java:200)
at org.openqa.selenium.remote.codec.w3c.W3CHttpResponseCodec.decode(W3CHttpResponseCodec.java:133)
at org.openqa.selenium.remote.codec.w3c.W3CHttpResponseCodec.decode(W3CHttpResponseCodec.java:53)
at org.openqa.selenium.remote.HttpCommandExecutor.execute(HttpCommandExecutor.java:193)
at org.openqa.selenium.remote.service.DriverCommandExecutor.invokeExecute(DriverCommandExecutor.java:183)
at org.openqa.selenium.remote.service.DriverCommandExecutor.execute(DriverCommandExecutor.java:158)
at org.openqa.selenium.remote.RemoteWebDriver.execute(RemoteWebDriver.java:543)
at org.openqa.selenium.remote.ElementLocation$ElementFinder$2.findElement(ElementLocation.java:162)
at org.openqa.selenium.remote.ElementLocation.findElement(ElementLocation.java:60)
at org.openqa.selenium.remote.RemoteWebDriver.findElement(RemoteWebDriver.java:352)
at org.openqa.selenium.remote.RemoteWebDriver.findElement(RemoteWebDriver.java:344)
at org.openqa.selenium.support.pagefactory.DefaultElementLocator.findElement(DefaultElementLocator.java:70)
at org.openqa.selenium.support.pagefactory.internal.LocatingElementHandler.invoke(LocatingElementHandler.java:39)
at jdk.proxy2/jdk.proxy2.$Proxy16.click(Unknown Source)
at Testmethod.Pharme_ui.Payement(Pharme_ui.java:332)
at java.base/jdk.internal.reflect.NativeMethodAccessorImpl.invoke0(Native Method)
at java.base/jdk.internal.reflect.NativeMethodAccessorImpl.invoke(NativeMethodAccessorImpl.java:77)
at java.base/jdk.internal.reflect.DelegatingMethodAccessorImpl.invoke(DelegatingMethodAccessorImpl.java:43)
at java.base/java.lang.reflect.Method.invoke(Method.java:568)
at org.testng.internal.invokers.MethodInvocationHelper.invokeMethod(MethodInvocationHelper.java:139)
at org.testng.internal.invokers.TestInvoker.invokeMethod(TestInvoker.java:677)
at org.testng.internal.invokers.TestInvoker.invokeTestMethod(TestInvoker.java:221)
at org.testng.internal.invokers.MethodRunner.runInSequence(MethodRunner.java:50)
at org.testng.internal.invokers.TestInvoker$MethodInvocationAgent.invoke(TestInvoker.java:969)
at org.testng.internal.invokers.TestInvoker.invokeTestMethods(TestInvoker.java:194)
at org.testng.internal.invokers.TestMethodWorker.invokeTestMethods(TestMethodWorker.java:148)
at org.testng.internal.invokers.TestMethodWorker.run(TestMethodWorker.java:128)
at java.base/java.util.ArrayList.forEach(ArrayList.java:1511)
at org.testng.TestRunner.privateRun(TestRunner.java:829)
at org.testng.TestRunner.run(TestRunner.java:602)
at org.testng.SuiteRunner.runTest(SuiteRunner.java:437)
at org.testng.SuiteRunner.runSequentially(SuiteRunner.java:431)
at org.testng.SuiteRunner.privateRun(SuiteRunner.java:391)
at org.testng.SuiteRunner.run(SuiteRunner.java:330)
at org.testng.SuiteRunnerWorker.runSuite(SuiteRunnerWorker.java:52)
at org.testng.SuiteRunnerWorker.run(SuiteRunnerWorker.java:95)
at org.testng.TestNG.runSuitesSequentially(TestNG.java:1256)
at org.testng.TestNG.runSuitesLocally(TestNG.java:1176)
at org.testng.TestNG.runSuites(TestNG.java:1099)
at org.testng.TestNG.run(TestNG.java:1067)
at org.testng.remote.AbstractRemoteTestNG.run(AbstractRemoteTestNG.java:115)
at org.testng.remote.RemoteTestNG.initAndRun(RemoteTestNG.java:251)
at org.testng.remote.RemoteTestNG.main(RemoteTestNG.java:77)
]]>
            </full-stacktrace>
          </exception> <!-- org.openqa.selenium.NoSuchElementException -->
          <reporter-output>
          </reporter-output>
        </test-method> <!-- Payement -->
        <test-method is-config="true" signature="close()[pri:0, instance:Testmethod.Pharme_ui@470734c3]" started-at="2023-05-05T11:01:15 IST" name="close" finished-at="2023-05-05T11:01:15 IST" duration-ms="369" status="PASS">
          <reporter-output>
          </reporter-output>
        </test-method> <!-- close -->
      </class> <!-- Testmethod.Pharme_ui -->
    </test> <!-- Default test -->
  </suite> <!-- Default suite -->
</testng-results>
